<?xml version="1.0" encoding="UTF-8"?>
<!-- Generated by org.testng.reporters.JUnitXMLReporter -->
<testsuite ignored="3" hostname="DESKTOP-06RSG33" failures="0" tests="1" name="Default test" time="3.24" errors="0" timestamp="2023-10-08T19:10:19 BST">
  <testcase classname="Day2.differentWaysPostmethods" name="jsonWaytoSendPostrequest" time="3.176"/>
  <testcase classname="Day2.differentWaysPostmethods" name="DeleteJsonPostrequest" time="0.0">
    <ignored/>
  </testcase> <!-- DeleteJsonPostrequest -->
  <testcase classname="Day2.differentWaysPostmethods" name="HashmapWaytoSendPostrequest" time="0.0">
    <ignored/>
  </testcase> <!-- HashmapWaytoSendPostrequest -->
  <testcase classname="Day2.differentWaysPostmethods" name="DeleteHashmapPostrequest" time="0.0">
    <ignored/>
  </testcase> <!-- DeleteHashmapPostrequest -->
</testsuite> <!-- Default test -->
