<?xml version="1.0" encoding="UTF-8"?>
<testng-results ignored="3" total="4" passed="1" failed="0" skipped="0">
  <reporter-output>
  </reporter-output>
  <suite started-at="2023-10-08T19:10:16 BST" name="Default suite" finished-at="2023-10-08T19:10:19 BST" duration-ms="3240">
    <groups>
    </groups>
    <test started-at="2023-10-08T19:10:16 BST" name="Default test" finished-at="2023-10-08T19:10:19 BST" duration-ms="3240">
      <class name="Day2.differentWaysPostmethods">
        <test-method signature="jsonWaytoSendPostrequest()[pri:3, instance:Day2.differentWaysPostmethods@359f7cdf]" started-at="2023-10-08T19:10:16 BST" name="jsonWaytoSendPostrequest" finished-at="2023-10-08T19:10:19 BST" duration-ms="3176" status="PASS">
          <reporter-output>
          </reporter-output>
        </test-method> <!-- jsonWaytoSendPostrequest -->
      </class> <!-- Day2.differentWaysPostmethods -->
    </test> <!-- Default test -->
  </suite> <!-- Default suite -->
</testng-results>
